build/app/intermediates/manifest_merge_blame_file/debug/manifest-merger-blame-debug-report.txt
1<?xml version="1.0" encoding="utf-8"?>
2<manifest xmlns:android="http://schemas.android.com/apk/res/android"
3    package="com.example.happify_app"
4    android:versionCode="1"
5    android:versionName="1.0.0" >
6
7    <uses-sdk
8        android:minSdkVersion="16"
9        android:targetSdkVersion="30" />
10    <!--
11         Flutter needs it to communicate with the running application
12         to allow setting breakpoints, to provide hot reload, etc.
13    -->
14    <uses-permission android:name="android.permission.INTERNET" />
14-->src\main\AndroidManifest.xml:4:5-67
14-->src\main\AndroidManifest.xml:4:22-64
15    <uses-permission android:name="android.permission.ACCESS_NETWORK_STATE" />
15-->[com.google.firebase:firebase-auth:21.0.1] AndroidManifest.xml:24:5-79
15-->[com.google.firebase:firebase-auth:21.0.1] AndroidManifest.xml:24:22-76
16    <uses-permission android:name="android.permission.WAKE_LOCK" />
16-->[com.google.android.gms:play-services-measurement-api:19.0.2] AndroidManifest.xml:24:5-68
16-->[com.google.android.gms:play-services-measurement-api:19.0.2] AndroidManifest.xml:24:22-65
17    <uses-permission android:name="com.google.android.finsky.permission.BIND_GET_INSTALL_REFERRER_SERVICE" />
17-->[com.google.android.gms:play-services-measurement:19.0.2] AndroidManifest.xml:26:5-110
17-->[com.google.android.gms:play-services-measurement:19.0.2] AndroidManifest.xml:26:22-107
18
19    <application
19-->src\main\AndroidManifest.xml:5:4-42:19
20        android:name="androidx.multidex.MultiDexApplication"
21        android:appComponentFactory="androidx.core.app.CoreComponentFactory"
21-->[androidx.core:core:1.1.0] AndroidManifest.xml:24:18-86
22        android:debuggable="true"
23        android:icon="@mipmap/ic_launcher"
23-->src\main\AndroidManifest.xml:7:9-43
24        android:label="happify_app" >
24-->src\main\AndroidManifest.xml:6:9-36
25        <activity
25-->src\main\AndroidManifest.xml:8:9-36:20
26            android:name="com.example.happify_app.MainActivity"
26-->src\main\AndroidManifest.xml:9:13-41
27            android:configChanges="orientation|keyboardHidden|keyboard|screenSize|smallestScreenSize|locale|layoutDirection|fontScale|screenLayout|density|uiMode"
27-->src\main\AndroidManifest.xml:12:13-163
28            android:hardwareAccelerated="true"
28-->src\main\AndroidManifest.xml:13:13-47
29            android:launchMode="singleTop"
29-->src\main\AndroidManifest.xml:10:13-43
30            android:theme="@style/LaunchTheme"
30-->src\main\AndroidManifest.xml:11:13-47
31            android:windowSoftInputMode="adjustResize" >
31-->src\main\AndroidManifest.xml:14:13-55
32
33            <!--
34                 Specifies an Android theme to apply to this Activity as soon as
35                 the Android process has started. This theme is visible to the user
36                 while the Flutter UI initializes. After that, this theme continues
37                 to determine the Window background behind the Flutter UI.
38            -->
39            <meta-data
39-->src\main\AndroidManifest.xml:19:13-22:17
40                android:name="io.flutter.embedding.android.NormalTheme"
40-->src\main\AndroidManifest.xml:20:15-70
41                android:resource="@style/NormalTheme" />
41-->src\main\AndroidManifest.xml:21:15-52
42            <!--
43                 Displays an Android View that continues showing the launch screen
44                 Drawable until Flutter paints its first frame, then this splash
45                 screen fades out. A splash screen is useful to avoid any visual
46                 gap between the end of Android's launch screen and the painting of
47                 Flutter's first frame.
48            -->
49            <meta-data
49-->src\main\AndroidManifest.xml:28:13-31:17
50                android:name="io.flutter.embedding.android.SplashScreenDrawable"
50-->src\main\AndroidManifest.xml:29:15-79
51                android:resource="@drawable/launch_background" />
51-->src\main\AndroidManifest.xml:30:15-61
52
53            <intent-filter>
53-->src\main\AndroidManifest.xml:32:13-35:29
54                <action android:name="android.intent.action.MAIN" />
54-->src\main\AndroidManifest.xml:33:17-68
54-->src\main\AndroidManifest.xml:33:25-66
55
56                <category android:name="android.intent.category.LAUNCHER" />
56-->src\main\AndroidManifest.xml:34:17-76
56-->src\main\AndroidManifest.xml:34:27-74
57            </intent-filter>
58        </activity>
59        <!--
60             Don't delete the meta-data below.
61             This is used by the Flutter tool to generate GeneratedPluginRegistrant.java
62        -->
63        <meta-data
63-->src\main\AndroidManifest.xml:39:9-41:33
64            android:name="flutterEmbedding"
64-->src\main\AndroidManifest.xml:40:13-44
65            android:value="2" />
65-->src\main\AndroidManifest.xml:41:13-30
66
67        <service
67-->[:firebase_auth] AndroidManifest.xml:8:9-12:19
68            android:name="com.google.firebase.components.ComponentDiscoveryService"
68-->[:firebase_auth] AndroidManifest.xml:8:18-89
69            android:directBootAware="true"
69-->[com.google.firebase:firebase-common:20.0.0] AndroidManifest.xml:35:13-43
70            android:exported="false" >
70-->[com.google.firebase:firebase-auth:21.0.1] AndroidManifest.xml:76:13-37
71            <meta-data
71-->[:firebase_auth] AndroidManifest.xml:9:13-11:85
72                android:name="com.google.firebase.components:io.flutter.plugins.firebase.auth.FlutterFirebaseAuthRegistrar"
72-->[:firebase_auth] AndroidManifest.xml:10:17-124
73                android:value="com.google.firebase.components.ComponentRegistrar" />
73-->[:firebase_auth] AndroidManifest.xml:11:17-82
74            <meta-data
74-->[:cloud_firestore] AndroidManifest.xml:9:13-11:85
75                android:name="com.google.firebase.components:io.flutter.plugins.firebase.firestore.FlutterFirebaseFirestoreRegistrar"
75-->[:cloud_firestore] AndroidManifest.xml:10:17-134
76                android:value="com.google.firebase.components.ComponentRegistrar" />
76-->[:cloud_firestore] AndroidManifest.xml:11:17-82
77            <meta-data
77-->[:firebase_core] AndroidManifest.xml:9:13-11:85
78                android:name="com.google.firebase.components:io.flutter.plugins.firebase.core.FlutterFirebaseCoreRegistrar"
78-->[:firebase_core] AndroidManifest.xml:10:17-124
79                android:value="com.google.firebase.components.ComponentRegistrar" />
79-->[:firebase_core] AndroidManifest.xml:11:17-82
80            <meta-data
80-->[com.google.firebase:firebase-auth:21.0.1] AndroidManifest.xml:77:13-79:85
81                android:name="com.google.firebase.components:com.google.firebase.auth.FirebaseAuthRegistrar"
81-->[com.google.firebase:firebase-auth:21.0.1] AndroidManifest.xml:78:17-109
82                android:value="com.google.firebase.components.ComponentRegistrar" />
82-->[com.google.firebase:firebase-auth:21.0.1] AndroidManifest.xml:79:17-82
83            <meta-data
83-->[com.google.firebase:firebase-firestore:23.0.4] AndroidManifest.xml:20:13-22:85
84                android:name="com.google.firebase.components:com.google.firebase.firestore.FirestoreRegistrar"
84-->[com.google.firebase:firebase-firestore:23.0.4] AndroidManifest.xml:21:17-111
85                android:value="com.google.firebase.components.ComponentRegistrar" />
85-->[com.google.firebase:firebase-firestore:23.0.4] AndroidManifest.xml:22:17-82
86            <meta-data
86-->[com.google.android.gms:play-services-measurement-api:19.0.2] AndroidManifest.xml:30:13-32:85
87                android:name="com.google.firebase.components:com.google.firebase.analytics.connector.internal.AnalyticsConnectorRegistrar"
87-->[com.google.android.gms:play-services-measurement-api:19.0.2] AndroidManifest.xml:31:17-139
88                android:value="com.google.firebase.components.ComponentRegistrar" />
88-->[com.google.android.gms:play-services-measurement-api:19.0.2] AndroidManifest.xml:32:17-82
89            <meta-data
89-->[com.google.firebase:firebase-installations:17.0.0] AndroidManifest.xml:18:13-20:85
90                android:name="com.google.firebase.components:com.google.firebase.installations.FirebaseInstallationsRegistrar"
90-->[com.google.firebase:firebase-installations:17.0.0] AndroidManifest.xml:19:17-127
91                android:value="com.google.firebase.components.ComponentRegistrar" />
91-->[com.google.firebase:firebase-installations:17.0.0] AndroidManifest.xml:20:17-82
92        </service>
93
94        <activity
94-->[com.google.firebase:firebase-auth:21.0.1] AndroidManifest.xml:27:9-44:20
95            android:name="com.google.firebase.auth.internal.GenericIdpActivity"
95-->[com.google.firebase:firebase-auth:21.0.1] AndroidManifest.xml:28:13-80
96            android:excludeFromRecents="true"
96-->[com.google.firebase:firebase-auth:21.0.1] AndroidManifest.xml:29:13-46
97            android:exported="true"
97-->[com.google.firebase:firebase-auth:21.0.1] AndroidManifest.xml:30:13-36
98            android:launchMode="singleTask"
98-->[com.google.firebase:firebase-auth:21.0.1] AndroidManifest.xml:31:13-44
99            android:theme="@android:style/Theme.Translucent.NoTitleBar" >
99-->[com.google.firebase:firebase-auth:21.0.1] AndroidManifest.xml:32:13-72
100            <intent-filter>
100-->[com.google.firebase:firebase-auth:21.0.1] AndroidManifest.xml:33:13-43:29
101                <action android:name="android.intent.action.VIEW" />
101-->[com.google.firebase:firebase-auth:21.0.1] AndroidManifest.xml:34:17-69
101-->[com.google.firebase:firebase-auth:21.0.1] AndroidManifest.xml:34:25-66
102
103                <category android:name="android.intent.category.DEFAULT" />
103-->[com.google.firebase:firebase-auth:21.0.1] AndroidManifest.xml:36:17-76
103-->[com.google.firebase:firebase-auth:21.0.1] AndroidManifest.xml:36:27-73
104                <category android:name="android.intent.category.BROWSABLE" />
104-->[com.google.firebase:firebase-auth:21.0.1] AndroidManifest.xml:37:17-78
104-->[com.google.firebase:firebase-auth:21.0.1] AndroidManifest.xml:37:27-75
105
106                <data
106-->[com.google.firebase:firebase-auth:21.0.1] AndroidManifest.xml:39:17-42:51
107                    android:host="firebase.auth"
107-->[com.google.firebase:firebase-auth:21.0.1] AndroidManifest.xml:40:21-49
108                    android:path="/"
108-->[com.google.firebase:firebase-auth:21.0.1] AndroidManifest.xml:41:21-37
109                    android:scheme="genericidp" />
109-->[com.google.firebase:firebase-auth:21.0.1] AndroidManifest.xml:42:21-48
110            </intent-filter>
111        </activity>
112        <activity
112-->[com.google.firebase:firebase-auth:21.0.1] AndroidManifest.xml:45:9-62:20
113            android:name="com.google.firebase.auth.internal.RecaptchaActivity"
113-->[com.google.firebase:firebase-auth:21.0.1] AndroidManifest.xml:46:13-79
114            android:excludeFromRecents="true"
114-->[com.google.firebase:firebase-auth:21.0.1] AndroidManifest.xml:47:13-46
115            android:exported="true"
115-->[com.google.firebase:firebase-auth:21.0.1] AndroidManifest.xml:48:13-36
116            android:launchMode="singleTask"
116-->[com.google.firebase:firebase-auth:21.0.1] AndroidManifest.xml:49:13-44
117            android:theme="@android:style/Theme.Translucent.NoTitleBar" >
117-->[com.google.firebase:firebase-auth:21.0.1] AndroidManifest.xml:50:13-72
118            <intent-filter>
118-->[com.google.firebase:firebase-auth:21.0.1] AndroidManifest.xml:51:13-61:29
119                <action android:name="android.intent.action.VIEW" />
119-->[com.google.firebase:firebase-auth:21.0.1] AndroidManifest.xml:34:17-69
119-->[com.google.firebase:firebase-auth:21.0.1] AndroidManifest.xml:34:25-66
120
121                <category android:name="android.intent.category.DEFAULT" />
121-->[com.google.firebase:firebase-auth:21.0.1] AndroidManifest.xml:36:17-76
121-->[com.google.firebase:firebase-auth:21.0.1] AndroidManifest.xml:36:27-73
122                <category android:name="android.intent.category.BROWSABLE" />
122-->[com.google.firebase:firebase-auth:21.0.1] AndroidManifest.xml:37:17-78
122-->[com.google.firebase:firebase-auth:21.0.1] AndroidManifest.xml:37:27-75
123
124                <data
124-->[com.google.firebase:firebase-auth:21.0.1] AndroidManifest.xml:39:17-42:51
125                    android:host="firebase.auth"
125-->[com.google.firebase:firebase-auth:21.0.1] AndroidManifest.xml:40:21-49
126                    android:path="/"
126-->[com.google.firebase:firebase-auth:21.0.1] AndroidManifest.xml:41:21-37
127                    android:scheme="recaptcha" />
127-->[com.google.firebase:firebase-auth:21.0.1] AndroidManifest.xml:42:21-48
128            </intent-filter>
129        </activity>
130
131        <service
131-->[com.google.firebase:firebase-auth:21.0.1] AndroidManifest.xml:64:9-73:19
132            android:name="com.google.firebase.auth.api.fallback.service.FirebaseAuthFallbackService"
132-->[com.google.firebase:firebase-auth:21.0.1] AndroidManifest.xml:65:13-101
133            android:enabled="true"
133-->[com.google.firebase:firebase-auth:21.0.1] AndroidManifest.xml:66:13-35
134            android:exported="false" >
134-->[com.google.firebase:firebase-auth:21.0.1] AndroidManifest.xml:67:13-37
135            <intent-filter>
135-->[com.google.firebase:firebase-auth:21.0.1] AndroidManifest.xml:68:13-72:29
136                <action android:name="com.google.firebase.auth.api.gms.service.START" />
136-->[com.google.firebase:firebase-auth:21.0.1] AndroidManifest.xml:69:17-89
136-->[com.google.firebase:firebase-auth:21.0.1] AndroidManifest.xml:69:25-86
137
138                <category android:name="android.intent.category.DEFAULT" />
138-->[com.google.firebase:firebase-auth:21.0.1] AndroidManifest.xml:36:17-76
138-->[com.google.firebase:firebase-auth:21.0.1] AndroidManifest.xml:36:27-73
139            </intent-filter>
140        </service>
141
142        <provider
142-->[com.google.firebase:firebase-common:20.0.0] AndroidManifest.xml:26:9-31:39
143            android:name="com.google.firebase.provider.FirebaseInitProvider"
143-->[com.google.firebase:firebase-common:20.0.0] AndroidManifest.xml:27:13-77
144            android:authorities="com.example.happify_app.firebaseinitprovider"
144-->[com.google.firebase:firebase-common:20.0.0] AndroidManifest.xml:28:13-72
145            android:directBootAware="true"
145-->[com.google.firebase:firebase-common:20.0.0] AndroidManifest.xml:29:13-43
146            android:exported="false"
146-->[com.google.firebase:firebase-common:20.0.0] AndroidManifest.xml:30:13-37
147            android:initOrder="100" />
147-->[com.google.firebase:firebase-common:20.0.0] AndroidManifest.xml:31:13-36
148
149        <activity
149-->[com.google.android.gms:play-services-auth:16.0.1] AndroidManifest.xml:23:9-27:75
150            android:name="com.google.android.gms.auth.api.signin.internal.SignInHubActivity"
150-->[com.google.android.gms:play-services-auth:16.0.1] AndroidManifest.xml:24:13-93
151            android:excludeFromRecents="true"
151-->[com.google.android.gms:play-services-auth:16.0.1] AndroidManifest.xml:25:13-46
152            android:exported="false"
152-->[com.google.android.gms:play-services-auth:16.0.1] AndroidManifest.xml:26:13-37
153            android:theme="@android:style/Theme.Translucent.NoTitleBar" />
153-->[com.google.android.gms:play-services-auth:16.0.1] AndroidManifest.xml:27:13-72
154        <!--
155            Service handling Google Sign-In user revocation. For apps that do not integrate with
156            Google Sign-In, this service will never be started.
157        -->
158        <service
158-->[com.google.android.gms:play-services-auth:16.0.1] AndroidManifest.xml:33:9-36:110
159            android:name="com.google.android.gms.auth.api.signin.RevocationBoundService"
159-->[com.google.android.gms:play-services-auth:16.0.1] AndroidManifest.xml:34:13-89
160            android:exported="true"
160-->[com.google.android.gms:play-services-auth:16.0.1] AndroidManifest.xml:35:13-36
161            android:permission="com.google.android.gms.auth.api.signin.permission.REVOCATION_NOTIFICATION" />
161-->[com.google.android.gms:play-services-auth:16.0.1] AndroidManifest.xml:36:13-107
162
163        <activity
163-->[com.google.android.gms:play-services-base:17.1.0] AndroidManifest.xml:23:9-26:75
164            android:name="com.google.android.gms.common.api.GoogleApiActivity"
164-->[com.google.android.gms:play-services-base:17.1.0] AndroidManifest.xml:24:13-79
165            android:exported="false"
165-->[com.google.android.gms:play-services-base:17.1.0] AndroidManifest.xml:25:13-37
166            android:theme="@android:style/Theme.Translucent.NoTitleBar" />
166-->[com.google.android.gms:play-services-base:17.1.0] AndroidManifest.xml:26:13-72
167
168        <receiver
168-->[com.google.android.gms:play-services-measurement:19.0.2] AndroidManifest.xml:29:9-33:20
169            android:name="com.google.android.gms.measurement.AppMeasurementReceiver"
169-->[com.google.android.gms:play-services-measurement:19.0.2] AndroidManifest.xml:30:13-85
170            android:enabled="true"
170-->[com.google.android.gms:play-services-measurement:19.0.2] AndroidManifest.xml:31:13-35
171            android:exported="false" >
171-->[com.google.android.gms:play-services-measurement:19.0.2] AndroidManifest.xml:32:13-37
172        </receiver>
173
174        <service
174-->[com.google.android.gms:play-services-measurement:19.0.2] AndroidManifest.xml:35:9-38:40
175            android:name="com.google.android.gms.measurement.AppMeasurementService"
175-->[com.google.android.gms:play-services-measurement:19.0.2] AndroidManifest.xml:36:13-84
176            android:enabled="true"
176-->[com.google.android.gms:play-services-measurement:19.0.2] AndroidManifest.xml:37:13-35
177            android:exported="false" />
177-->[com.google.android.gms:play-services-measurement:19.0.2] AndroidManifest.xml:38:13-37
178        <service
178-->[com.google.android.gms:play-services-measurement:19.0.2] AndroidManifest.xml:39:9-43:72
179            android:name="com.google.android.gms.measurement.AppMeasurementJobService"
179-->[com.google.android.gms:play-services-measurement:19.0.2] AndroidManifest.xml:40:13-87
180            android:enabled="true"
180-->[com.google.android.gms:play-services-measurement:19.0.2] AndroidManifest.xml:41:13-35
181            android:exported="false"
181-->[com.google.android.gms:play-services-measurement:19.0.2] AndroidManifest.xml:42:13-37
182            android:permission="android.permission.BIND_JOB_SERVICE" />
182-->[com.google.android.gms:play-services-measurement:19.0.2] AndroidManifest.xml:43:13-69
183
184        <meta-data
184-->[com.google.android.gms:play-services-basement:17.1.0] AndroidManifest.xml:23:9-25:69
185            android:name="com.google.android.gms.version"
185-->[com.google.android.gms:play-services-basement:17.1.0] AndroidManifest.xml:24:13-58
186            android:value="@integer/google_play_services_version" />
186-->[com.google.android.gms:play-services-basement:17.1.0] AndroidManifest.xml:25:13-66
187    </application>
188
189</manifest>